Launching lib\main.dart on Windows in debug mode...
Building Windows application...                                 
Building Windows application...                                    36.5s
√ Built build\windows\x64\runner\Debug\seygo.exe
Supabase initialization skipped: missing/placeholder env values.
Syncing files to device Windows...                                 148ms

Flutter run key commands.
r Hot reload. 
R Hot restart.
h List all available interactive commands.
d Detach (terminate "flutter run" but leave application running).
c Clear the screen
q Quit (terminate the application on the device).

A Dart VM Service on Windows is available at: http://127.0.0.1:8753/XiUSl4QNxMM=/
The Flutter DevTools debugger and profiler on Windows is available at: http://127.0.0.1:8753/XiUSl4QNxMM=/devtools/?uri=ws://127.0.0.1:8753/XiUSl4QNxMM=/ws

══╡ EXCEPTION CAUGHT BY RENDERING LIBRARY ╞═════════════════════════════════════════════════════════
The following assertion was thrown during layout:
A RenderFlex overflowed by 16 pixels on the bottom.

The relevant error-causing widget was:
  Column
  Column:file:///C:/Users/user/Documents/seygo/front-end/lib/presentation/splash_screen/splash_screen.dart:117:18

The overflowing RenderFlex has an orientation of Axis.vertical.
The edge of the RenderFlex that is overflowing has been marked in the rendering with a yellow and
black striped pattern. This is usually caused by the contents being too big for the RenderFlex.
Consider applying a flex factor (e.g. using an Expanded widget) to force the children of the
RenderFlex to fit within the available space instead of being sized to their natural size.
This is considered an error condition because it indicates that there is content that cannot be
seen. If the content is legitimately bigger than the available space, consider clipping it with a
ClipRect widget before putting it in the flex, or using a scrollable container rather than a Flex,
like a ListView.
The specific RenderFlex in question is: RenderFlex#7356f OVERFLOWING:
  creator: Column ← MediaQuery ← Padding ← SafeArea ← Padding ← DecoratedBox ← ConstrainedBox ←
    Container ← KeyedSubtree-[GlobalKey#9b882] ← _BodyBuilder ← MediaQuery ←
    LayoutId-[<_ScaffoldSlot.body>] ← ⋯
  parentData: offset=Offset(0.0, 0.0) (can use size)
  constraints: BoxConstraints(w=1264.0, h=681.0)
  size: Size(1264.0, 681.0)
  direction: vertical
  mainAxisAlignment: center
  mainAxisSize: max
  crossAxisAlignment: center
  verticalDirection: down
  spacing: 0.0
◢◤◢◤◢◤◢◤◢◤◢◤◢◤◢◤◢◤◢◤◢◤◢◤◢◤◢◤◢◤◢◤◢◤◢◤◢◤◢◤◢◤◢◤◢◤◢◤◢◤◢◤◢◤◢◤◢◤◢◤◢◤◢◤◢◤◢◤◢◤◢◤◢◤◢◤◢◤◢◤◢◤◢◤◢◤◢◤◢◤◢◤◢◤◢◤◢◤◢◤
════════════════════════════════════════════════════════════════════════════════════════════════════

Lost connection to device.
